Determining if the pthread_create exist failed with the following output:
Change Dir: /home/praveen/Documents/ROS/tmp/hearbo_2dnav/build/CMakeFiles/CMakeTmp

Run Build Command:/usr/bin/make "cmTryCompileExec3588438060/fast"
make[1]: Entering directory `/home/praveen/Documents/ROS/tmp/hearbo_2dnav/build/CMakeFiles/CMakeTmp'
/usr/bin/make -f CMakeFiles/cmTryCompileExec3588438060.dir/build.make CMakeFiles/cmTryCompileExec3588438060.dir/build
make[2]: Entering directory `/home/praveen/Documents/ROS/tmp/hearbo_2dnav/build/CMakeFiles/CMakeTmp'
/usr/bin/cmake -E cmake_progress_report /home/praveen/Documents/ROS/tmp/hearbo_2dnav/build/CMakeFiles/CMakeTmp/CMakeFiles 1
Building C object CMakeFiles/cmTryCompileExec3588438060.dir/CheckSymbolExists.c.o
/usr/bin/cc    -o CMakeFiles/cmTryCompileExec3588438060.dir/CheckSymbolExists.c.o   -c /home/praveen/Documents/ROS/tmp/hearbo_2dnav/build/CMakeFiles/CMakeTmp/CheckSymbolExists.c
Linking C executable cmTryCompileExec3588438060
/usr/bin/cmake -E cmake_link_script CMakeFiles/cmTryCompileExec3588438060.dir/link.txt --verbose=1
/usr/bin/cc       CMakeFiles/cmTryCompileExec3588438060.dir/CheckSymbolExists.c.o  -o cmTryCompileExec3588438060 -rdynamic 
CMakeFiles/cmTryCompileExec3588438060.dir/CheckSymbolExists.c.o: In function `main':
CheckSymbolExists.c:(.text+0x16): undefined reference to `pthread_create'
collect2: error: ld returned 1 exit status
make[2]: *** [cmTryCompileExec3588438060] Error 1
make[2]: Leaving directory `/home/praveen/Documents/ROS/tmp/hearbo_2dnav/build/CMakeFiles/CMakeTmp'
make[1]: *** [cmTryCompileExec3588438060/fast] Error 2
make[1]: Leaving directory `/home/praveen/Documents/ROS/tmp/hearbo_2dnav/build/CMakeFiles/CMakeTmp'

File /home/praveen/Documents/ROS/tmp/hearbo_2dnav/build/CMakeFiles/CMakeTmp/CheckSymbolExists.c:
/* */
#include <pthread.h>

int main(int argc, char** argv)
{
  (void)argv;
#ifndef pthread_create
  return ((int*)(&pthread_create))[argc];
#else
  (void)argc;
  return 0;
#endif
}

Determining if the function pthread_create exists in the pthreads failed with the following output:
Change Dir: /home/praveen/Documents/ROS/tmp/hearbo_2dnav/build/CMakeFiles/CMakeTmp

Run Build Command:/usr/bin/make "cmTryCompileExec771909242/fast"
make[1]: Entering directory `/home/praveen/Documents/ROS/tmp/hearbo_2dnav/build/CMakeFiles/CMakeTmp'
/usr/bin/make -f CMakeFiles/cmTryCompileExec771909242.dir/build.make CMakeFiles/cmTryCompileExec771909242.dir/build
make[2]: Entering directory `/home/praveen/Documents/ROS/tmp/hearbo_2dnav/build/CMakeFiles/CMakeTmp'
/usr/bin/cmake -E cmake_progress_report /home/praveen/Documents/ROS/tmp/hearbo_2dnav/build/CMakeFiles/CMakeTmp/CMakeFiles 1
Building C object CMakeFiles/cmTryCompileExec771909242.dir/CheckFunctionExists.c.o
/usr/bin/cc   -DCHECK_FUNCTION_EXISTS=pthread_create   -o CMakeFiles/cmTryCompileExec771909242.dir/CheckFunctionExists.c.o   -c /usr/share/cmake-2.8/Modules/CheckFunctionExists.c
Linking C executable cmTryCompileExec771909242
/usr/bin/cmake -E cmake_link_script CMakeFiles/cmTryCompileExec771909242.dir/link.txt --verbose=1
/usr/bin/cc   -DCHECK_FUNCTION_EXISTS=pthread_create    CMakeFiles/cmTryCompileExec771909242.dir/CheckFunctionExists.c.o  -o cmTryCompileExec771909242 -rdynamic -lpthreads 
/usr/bin/ld: cannot find -lpthreads
collect2: error: ld returned 1 exit status
make[2]: *** [cmTryCompileExec771909242] Error 1
make[2]: Leaving directory `/home/praveen/Documents/ROS/tmp/hearbo_2dnav/build/CMakeFiles/CMakeTmp'
make[1]: *** [cmTryCompileExec771909242/fast] Error 2
make[1]: Leaving directory `/home/praveen/Documents/ROS/tmp/hearbo_2dnav/build/CMakeFiles/CMakeTmp'


