Determining if the pthread_create exist failed with the following output:
Change Dir: /home/praveen/Documents/ROS/tmp/rosaria/build/CMakeFiles/CMakeTmp

Run Build Command:/usr/bin/make "cmTryCompileExec4175151106/fast"
/usr/bin/make -f CMakeFiles/cmTryCompileExec4175151106.dir/build.make CMakeFiles/cmTryCompileExec4175151106.dir/build
make[1]: Entering directory `/home/praveen/Documents/ROS/tmp/rosaria/build/CMakeFiles/CMakeTmp'
/usr/bin/cmake -E cmake_progress_report /home/praveen/Documents/ROS/tmp/rosaria/build/CMakeFiles/CMakeTmp/CMakeFiles 1
Building C object CMakeFiles/cmTryCompileExec4175151106.dir/CheckSymbolExists.c.o
/usr/bin/cc    -o CMakeFiles/cmTryCompileExec4175151106.dir/CheckSymbolExists.c.o   -c /home/praveen/Documents/ROS/tmp/rosaria/build/CMakeFiles/CMakeTmp/CheckSymbolExists.c
Linking C executable cmTryCompileExec4175151106
/usr/bin/cmake -E cmake_link_script CMakeFiles/cmTryCompileExec4175151106.dir/link.txt --verbose=1
/usr/bin/cc       CMakeFiles/cmTryCompileExec4175151106.dir/CheckSymbolExists.c.o  -o cmTryCompileExec4175151106 -rdynamic 
CMakeFiles/cmTryCompileExec4175151106.dir/CheckSymbolExists.c.o: In function `main':
CheckSymbolExists.c:(.text+0x16): undefined reference to `pthread_create'
collect2: error: ld returned 1 exit status
make[1]: *** [cmTryCompileExec4175151106] Error 1
make[1]: Leaving directory `/home/praveen/Documents/ROS/tmp/rosaria/build/CMakeFiles/CMakeTmp'
make: *** [cmTryCompileExec4175151106/fast] Error 2

File /home/praveen/Documents/ROS/tmp/rosaria/build/CMakeFiles/CMakeTmp/CheckSymbolExists.c:
/* */
#include <pthread.h>

int main(int argc, char** argv)
{
  (void)argv;
#ifndef pthread_create
  return ((int*)(&pthread_create))[argc];
#else
  (void)argc;
  return 0;
#endif
}

Determining if the function pthread_create exists in the pthreads failed with the following output:
Change Dir: /home/praveen/Documents/ROS/tmp/rosaria/build/CMakeFiles/CMakeTmp

Run Build Command:/usr/bin/make "cmTryCompileExec4238558599/fast"
/usr/bin/make -f CMakeFiles/cmTryCompileExec4238558599.dir/build.make CMakeFiles/cmTryCompileExec4238558599.dir/build
make[1]: Entering directory `/home/praveen/Documents/ROS/tmp/rosaria/build/CMakeFiles/CMakeTmp'
/usr/bin/cmake -E cmake_progress_report /home/praveen/Documents/ROS/tmp/rosaria/build/CMakeFiles/CMakeTmp/CMakeFiles 1
Building C object CMakeFiles/cmTryCompileExec4238558599.dir/CheckFunctionExists.c.o
/usr/bin/cc   -DCHECK_FUNCTION_EXISTS=pthread_create   -o CMakeFiles/cmTryCompileExec4238558599.dir/CheckFunctionExists.c.o   -c /usr/share/cmake-2.8/Modules/CheckFunctionExists.c
Linking C executable cmTryCompileExec4238558599
/usr/bin/cmake -E cmake_link_script CMakeFiles/cmTryCompileExec4238558599.dir/link.txt --verbose=1
/usr/bin/cc   -DCHECK_FUNCTION_EXISTS=pthread_create    CMakeFiles/cmTryCompileExec4238558599.dir/CheckFunctionExists.c.o  -o cmTryCompileExec4238558599 -rdynamic -lpthreads 
/usr/bin/ld: cannot find -lpthreads
collect2: error: ld returned 1 exit status
make[1]: *** [cmTryCompileExec4238558599] Error 1
make[1]: Leaving directory `/home/praveen/Documents/ROS/tmp/rosaria/build/CMakeFiles/CMakeTmp'
make: *** [cmTryCompileExec4238558599/fast] Error 2


