Determining if the pthread_create exist failed with the following output:
Change Dir: /home/praveen/rosbuild_ws/package_dir/pi_speech_tutorial/build/CMakeFiles/CMakeTmp

Run Build Command:/usr/bin/make "cmTryCompileExec4055863876/fast"
make[1]: Entering directory `/home/praveen/rosbuild_ws/package_dir/pi_speech_tutorial/build/CMakeFiles/CMakeTmp'
/usr/bin/make -f CMakeFiles/cmTryCompileExec4055863876.dir/build.make CMakeFiles/cmTryCompileExec4055863876.dir/build
make[2]: Entering directory `/home/praveen/rosbuild_ws/package_dir/pi_speech_tutorial/build/CMakeFiles/CMakeTmp'
/usr/bin/cmake -E cmake_progress_report /home/praveen/rosbuild_ws/package_dir/pi_speech_tutorial/build/CMakeFiles/CMakeTmp/CMakeFiles 1
Building C object CMakeFiles/cmTryCompileExec4055863876.dir/CheckSymbolExists.c.o
/usr/bin/cc    -o CMakeFiles/cmTryCompileExec4055863876.dir/CheckSymbolExists.c.o   -c /home/praveen/rosbuild_ws/package_dir/pi_speech_tutorial/build/CMakeFiles/CMakeTmp/CheckSymbolExists.c
Linking C executable cmTryCompileExec4055863876
/usr/bin/cmake -E cmake_link_script CMakeFiles/cmTryCompileExec4055863876.dir/link.txt --verbose=1
/usr/bin/cc       CMakeFiles/cmTryCompileExec4055863876.dir/CheckSymbolExists.c.o  -o cmTryCompileExec4055863876 -rdynamic 
CMakeFiles/cmTryCompileExec4055863876.dir/CheckSymbolExists.c.o: In function `main':
CheckSymbolExists.c:(.text+0x16): undefined reference to `pthread_create'
collect2: error: ld returned 1 exit status
make[2]: *** [cmTryCompileExec4055863876] Error 1
make[2]: Leaving directory `/home/praveen/rosbuild_ws/package_dir/pi_speech_tutorial/build/CMakeFiles/CMakeTmp'
make[1]: *** [cmTryCompileExec4055863876/fast] Error 2
make[1]: Leaving directory `/home/praveen/rosbuild_ws/package_dir/pi_speech_tutorial/build/CMakeFiles/CMakeTmp'

File /home/praveen/rosbuild_ws/package_dir/pi_speech_tutorial/build/CMakeFiles/CMakeTmp/CheckSymbolExists.c:
/* */
#include <pthread.h>

int main(int argc, char** argv)
{
  (void)argv;
#ifndef pthread_create
  return ((int*)(&pthread_create))[argc];
#else
  (void)argc;
  return 0;
#endif
}

Determining if the function pthread_create exists in the pthreads failed with the following output:
Change Dir: /home/praveen/rosbuild_ws/package_dir/pi_speech_tutorial/build/CMakeFiles/CMakeTmp

Run Build Command:/usr/bin/make "cmTryCompileExec2213515093/fast"
make[1]: Entering directory `/home/praveen/rosbuild_ws/package_dir/pi_speech_tutorial/build/CMakeFiles/CMakeTmp'
/usr/bin/make -f CMakeFiles/cmTryCompileExec2213515093.dir/build.make CMakeFiles/cmTryCompileExec2213515093.dir/build
make[2]: Entering directory `/home/praveen/rosbuild_ws/package_dir/pi_speech_tutorial/build/CMakeFiles/CMakeTmp'
/usr/bin/cmake -E cmake_progress_report /home/praveen/rosbuild_ws/package_dir/pi_speech_tutorial/build/CMakeFiles/CMakeTmp/CMakeFiles 1
Building C object CMakeFiles/cmTryCompileExec2213515093.dir/CheckFunctionExists.c.o
/usr/bin/cc   -DCHECK_FUNCTION_EXISTS=pthread_create   -o CMakeFiles/cmTryCompileExec2213515093.dir/CheckFunctionExists.c.o   -c /usr/share/cmake-2.8/Modules/CheckFunctionExists.c
Linking C executable cmTryCompileExec2213515093
/usr/bin/cmake -E cmake_link_script CMakeFiles/cmTryCompileExec2213515093.dir/link.txt --verbose=1
/usr/bin/cc   -DCHECK_FUNCTION_EXISTS=pthread_create    CMakeFiles/cmTryCompileExec2213515093.dir/CheckFunctionExists.c.o  -o cmTryCompileExec2213515093 -rdynamic -lpthreads 
/usr/bin/ld: cannot find -lpthreads
collect2: error: ld returned 1 exit status
make[2]: *** [cmTryCompileExec2213515093] Error 1
make[2]: Leaving directory `/home/praveen/rosbuild_ws/package_dir/pi_speech_tutorial/build/CMakeFiles/CMakeTmp'
make[1]: *** [cmTryCompileExec2213515093/fast] Error 2
make[1]: Leaving directory `/home/praveen/rosbuild_ws/package_dir/pi_speech_tutorial/build/CMakeFiles/CMakeTmp'


Determining if the pthread_create exist failed with the following output:
Change Dir: /home/praveen/rosbuild_ws/package_dir/BUDE_Speech/build/CMakeFiles/CMakeTmp

Run Build Command:/usr/bin/make "cmTryCompileExec3406773957/fast"
make[1]: Entering directory `/home/praveen/rosbuild_ws/package_dir/BUDE_Speech/build/CMakeFiles/CMakeTmp'
/usr/bin/make -f CMakeFiles/cmTryCompileExec3406773957.dir/build.make CMakeFiles/cmTryCompileExec3406773957.dir/build
make[2]: Entering directory `/home/praveen/rosbuild_ws/package_dir/BUDE_Speech/build/CMakeFiles/CMakeTmp'
/usr/bin/cmake -E cmake_progress_report /home/praveen/rosbuild_ws/package_dir/BUDE_Speech/build/CMakeFiles/CMakeTmp/CMakeFiles 1
Building C object CMakeFiles/cmTryCompileExec3406773957.dir/CheckSymbolExists.c.o
/usr/bin/cc    -o CMakeFiles/cmTryCompileExec3406773957.dir/CheckSymbolExists.c.o   -c /home/praveen/rosbuild_ws/package_dir/BUDE_Speech/build/CMakeFiles/CMakeTmp/CheckSymbolExists.c
Linking C executable cmTryCompileExec3406773957
/usr/bin/cmake -E cmake_link_script CMakeFiles/cmTryCompileExec3406773957.dir/link.txt --verbose=1
/usr/bin/cc       CMakeFiles/cmTryCompileExec3406773957.dir/CheckSymbolExists.c.o  -o cmTryCompileExec3406773957 -rdynamic 
CMakeFiles/cmTryCompileExec3406773957.dir/CheckSymbolExists.c.o: In function `main':
CheckSymbolExists.c:(.text+0x16): undefined reference to `pthread_create'
collect2: error: ld returned 1 exit status
make[2]: *** [cmTryCompileExec3406773957] Error 1
make[2]: Leaving directory `/home/praveen/rosbuild_ws/package_dir/BUDE_Speech/build/CMakeFiles/CMakeTmp'
make[1]: *** [cmTryCompileExec3406773957/fast] Error 2
make[1]: Leaving directory `/home/praveen/rosbuild_ws/package_dir/BUDE_Speech/build/CMakeFiles/CMakeTmp'

File /home/praveen/rosbuild_ws/package_dir/BUDE_Speech/build/CMakeFiles/CMakeTmp/CheckSymbolExists.c:
/* */
#include <pthread.h>

int main(int argc, char** argv)
{
  (void)argv;
#ifndef pthread_create
  return ((int*)(&pthread_create))[argc];
#else
  (void)argc;
  return 0;
#endif
}

Determining if the function pthread_create exists in the pthreads failed with the following output:
Change Dir: /home/praveen/rosbuild_ws/package_dir/BUDE_Speech/build/CMakeFiles/CMakeTmp

Run Build Command:/usr/bin/make "cmTryCompileExec1406710658/fast"
make[1]: Entering directory `/home/praveen/rosbuild_ws/package_dir/BUDE_Speech/build/CMakeFiles/CMakeTmp'
/usr/bin/make -f CMakeFiles/cmTryCompileExec1406710658.dir/build.make CMakeFiles/cmTryCompileExec1406710658.dir/build
make[2]: Entering directory `/home/praveen/rosbuild_ws/package_dir/BUDE_Speech/build/CMakeFiles/CMakeTmp'
/usr/bin/cmake -E cmake_progress_report /home/praveen/rosbuild_ws/package_dir/BUDE_Speech/build/CMakeFiles/CMakeTmp/CMakeFiles 1
Building C object CMakeFiles/cmTryCompileExec1406710658.dir/CheckFunctionExists.c.o
/usr/bin/cc   -DCHECK_FUNCTION_EXISTS=pthread_create   -o CMakeFiles/cmTryCompileExec1406710658.dir/CheckFunctionExists.c.o   -c /usr/share/cmake-2.8/Modules/CheckFunctionExists.c
Linking C executable cmTryCompileExec1406710658
/usr/bin/cmake -E cmake_link_script CMakeFiles/cmTryCompileExec1406710658.dir/link.txt --verbose=1
/usr/bin/cc   -DCHECK_FUNCTION_EXISTS=pthread_create    CMakeFiles/cmTryCompileExec1406710658.dir/CheckFunctionExists.c.o  -o cmTryCompileExec1406710658 -rdynamic -lpthreads 
/usr/bin/ld: cannot find -lpthreads
collect2: error: ld returned 1 exit status
make[2]: *** [cmTryCompileExec1406710658] Error 1
make[2]: Leaving directory `/home/praveen/rosbuild_ws/package_dir/BUDE_Speech/build/CMakeFiles/CMakeTmp'
make[1]: *** [cmTryCompileExec1406710658/fast] Error 2
make[1]: Leaving directory `/home/praveen/rosbuild_ws/package_dir/BUDE_Speech/build/CMakeFiles/CMakeTmp'


